<?xml version="1.0" encoding="utf-8"?><testsuites name="pytest tests"><testsuite name="pytest" errors="0" failures="0" skipped="0" tests="22" time="12.280" timestamp="2026-02-13T09:07:23.130105+00:00" hostname="agent-env-fd8735ab-12cf-4fe6-b090-773309b8d62a"><testcase classname="backend.tests.test_assistance_companies.TestAssistanceCompanies" name="test_get_assistance_companies" time="0.646" /><testcase classname="backend.tests.test_assistance_companies.TestAssistanceCompanies" name="test_create_assistance_company_with_phone" time="0.791" /><testcase classname="backend.tests.test_assistance_companies.TestAssistanceCompanies" name="test_create_assistance_company_with_email" time="0.483" /><testcase classname="backend.tests.test_assistance_companies.TestAssistanceCompanies" name="test_create_assistance_company_with_both_contacts" time="0.477" /><testcase classname="backend.tests.test_assistance_companies.TestAssistanceCompanies" name="test_create_assistance_company_missing_contact_fails" time="0.454" /><testcase classname="backend.tests.test_assistance_companies.TestAssistanceCompanies" name="test_create_assistance_company_missing_name_fails" time="0.437" /><testcase classname="backend.tests.test_assistance_companies.TestAssistanceCompanies" name="test_create_assistance_company_missing_cif_fails" time="0.421" /><testcase classname="backend.tests.test_assistance_companies.TestAssistanceCompanies" name="test_update_assistance_company" time="0.744" /><testcase classname="backend.tests.test_assistance_companies.TestAssistanceCompanies" name="test_update_nonexistent_company_fails" time="0.510" /><testcase classname="backend.tests.test_assistance_companies.TestAssistanceCompanies" name="test_delete_assistance_company" time="0.635" /><testcase classname="backend.tests.test_assistance_companies.TestAssistanceCompanies" name="test_delete_nonexistent_company_fails" time="0.425" /><testcase classname="backend.tests.test_assistance_companies.TestRouteSheetROADSIDE" name="test_create_roadside_route_sheet_success" time="0.751" /><testcase classname="backend.tests.test_assistance_companies.TestRouteSheetROADSIDE" name="test_create_roadside_without_company_fails" time="0.851" /><testcase classname="backend.tests.test_assistance_companies.TestRouteSheetROADSIDE" name="test_create_roadside_without_address_fails" time="0.556" /><testcase classname="backend.tests.test_assistance_companies.TestRouteSheetROADSIDE" name="test_create_roadside_with_flight_number_fails" time="0.715" /><testcase classname="backend.tests.test_assistance_companies.TestRouteSheetROADSIDE" name="test_create_roadside_with_invalid_company_fails" time="0.642" /><testcase classname="backend.tests.test_assistance_companies.TestRouteSheetAIRPORT" name="test_create_airport_without_flight_number_fails" time="0.482" /><testcase classname="backend.tests.test_assistance_companies.TestRouteSheetAIRPORT" name="test_create_airport_with_invalid_flight_format_fails" time="0.402" /><testcase classname="backend.tests.test_assistance_companies.TestRouteSheetAIRPORT" name="test_create_airport_success" time="0.474" /><testcase classname="backend.tests.test_assistance_companies.TestRouteSheetOTHER" name="test_create_other_without_address_fails" time="0.447" /><testcase classname="backend.tests.test_assistance_companies.TestRouteSheetOTHER" name="test_create_other_with_flight_number_fails" time="0.404" /><testcase classname="backend.tests.test_assistance_companies.TestRouteSheetOTHER" name="test_create_other_success" time="0.396" /></testsuite></testsuites>