<?xml version="1.0" encoding="utf-8"?><testsuites name="pytest tests"><testsuite name="pytest" errors="0" failures="0" skipped="0" tests="8" time="5.918" timestamp="2026-01-10T18:14:09.348681+00:00" hostname="agent-env-85e70c5f-7296-46ff-9e71-7d862e82fd71"><testcase classname="tests.test_change_password.TestChangePassword" name="test_change_password_wrong_current_password" time="1.048" /><testcase classname="tests.test_change_password.TestChangePassword" name="test_change_password_too_short" time="0.527" /><testcase classname="tests.test_change_password.TestChangePassword" name="test_change_password_no_uppercase" time="0.521" /><testcase classname="tests.test_change_password.TestChangePassword" name="test_change_password_no_number" time="0.566" /><testcase classname="tests.test_change_password.TestChangePasswordSessionInvalidation" name="test_change_password_success_and_session_invalidation" time="1.671" /><testcase classname="tests.test_change_password.TestChangePasswordSessionInvalidation" name="test_token_version_incremented_in_db" time="1.325" /><testcase classname="tests.test_change_password.TestChangePasswordRequiresAuth" name="test_change_password_without_auth" time="0.036" /><testcase classname="tests.test_change_password.TestChangePasswordRequiresAuth" name="test_change_password_with_invalid_token" time="0.037" /></testsuite></testsuites>