<?xml version="1.0" encoding="utf-8"?><testsuites name="pytest tests"><testsuite name="pytest" errors="0" failures="0" skipped="0" tests="10" time="4.567" timestamp="2026-01-09T12:46:20.292165+00:00" hostname="agent-env-85e70c5f-7296-46ff-9e71-7d862e82fd71"><testcase classname="tests.test_password_reset.TestAdminPasswordReset" name="test_01_register_test_user" time="0.472" /><testcase classname="tests.test_password_reset.TestAdminPasswordReset" name="test_02_approve_test_user" time="0.128" /><testcase classname="tests.test_password_reset.TestAdminPasswordReset" name="test_03_user_can_login_with_original_password" time="0.306" /><testcase classname="tests.test_password_reset.TestAdminPasswordReset" name="test_04_admin_reset_password_temp_endpoint" time="0.321" /><testcase classname="tests.test_password_reset.TestAdminPasswordReset" name="test_05_old_password_no_longer_works" time="0.300" /><testcase classname="tests.test_password_reset.TestAdminPasswordReset" name="test_06_login_with_temp_password_requires_change" time="0.341" /><testcase classname="tests.test_password_reset.TestAdminPasswordReset" name="test_07_change_password_flow" time="1.058" /><testcase classname="tests.test_password_reset.TestAdminPasswordReset" name="test_08_reset_password_requires_admin_auth" time="0.150" /><testcase classname="tests.test_password_reset.TestAdminPasswordReset" name="test_09_reset_password_nonexistent_user" time="0.079" /><testcase classname="tests.test_password_reset.TestPasswordValidation" name="test_password_min_length" time="1.185" /></testsuite></testsuites>