<?xml version="1.0" encoding="utf-8"?><testsuites name="pytest tests"><testsuite name="pytest" errors="0" failures="0" skipped="0" tests="11" time="3.749" timestamp="2026-01-09T14:09:25.853197+00:00" hostname="agent-env-85e70c5f-7296-46ff-9e71-7d862e82fd71"><testcase classname="tests.test_password_reset_audit.TestPasswordResetAuditEndpoints" name="test_01_create_test_user_for_audit" time="0.436" /><testcase classname="tests.test_password_reset_audit.TestPasswordResetAuditEndpoints" name="test_02_reset_password_creates_audit_entry" time="0.395" /><testcase classname="tests.test_password_reset_audit.TestPasswordResetAuditEndpoints" name="test_03_global_audit_endpoint_with_pagination" time="0.088" /><testcase classname="tests.test_password_reset_audit.TestPasswordResetAuditEndpoints" name="test_04_global_audit_filter_by_user_id" time="0.202" /><testcase classname="tests.test_password_reset_audit.TestPasswordResetAuditEndpoints" name="test_05_user_specific_audit_endpoint" time="0.085" /><testcase classname="tests.test_password_reset_audit.TestPasswordResetAuditEndpoints" name="test_06_audit_endpoints_require_admin_auth" time="0.178" /><testcase classname="tests.test_password_reset_audit.TestPasswordResetAuditEndpoints" name="test_07_pagination_cursor_works" time="1.203" /><testcase classname="tests.test_password_reset_audit.TestRetentionConcurrencyLock" name="test_concurrent_retention_returns_409" time="0.078" /><testcase classname="tests.test_password_reset_audit.TestRetentionRunsStatsAfter" name="test_retention_run_includes_stats_after" time="0.081" /><testcase classname="tests.test_password_reset_audit.TestRetentionRunsStatsAfter" name="test_retention_runs_history_includes_stats_after" time="0.077" /><testcase classname="tests.test_password_reset_audit.TestAuditLogSecurityVerification" name="test_audit_log_never_contains_password" time="0.687" /></testsuite></testsuites>