<?xml version="1.0" encoding="utf-8"?><testsuites name="pytest tests"><testsuite name="pytest" errors="0" failures="0" skipped="0" tests="11" time="9.356" timestamp="2026-01-12T06:43:10.986389+00:00" hostname="agent-env-85e70c5f-7296-46ff-9e71-7d862e82fd71"><testcase classname="tests.test_pdf_rate_limit_cache.TestPdfConfigVersion" name="test_pdf_config_version_exists" time="0.115" /><testcase classname="tests.test_pdf_rate_limit_cache.TestPdfConfigVersion" name="test_config_update_header_increments_version" time="0.205" /><testcase classname="tests.test_pdf_rate_limit_cache.TestPdfConfigVersion" name="test_config_update_legend_increments_version" time="0.242" /><testcase classname="tests.test_pdf_rate_limit_cache.TestPdfConfigVersion" name="test_config_update_hide_months_no_version_increment" time="0.201" /><testcase classname="tests.test_pdf_rate_limit_cache.TestPdfHeaders" name="test_pdf_headers_correct" time="0.819" /><testcase classname="tests.test_pdf_rate_limit_cache.TestPdfCache" name="test_pdf_cache_miss_then_hit" time="0.719" /><testcase classname="tests.test_pdf_rate_limit_cache.TestPdfCache" name="test_cache_invalidation_on_config_change" time="0.871" /><testcase classname="tests.test_pdf_rate_limit_cache.TestPdfRateLimitIndividual" name="test_rate_limit_individual_allows_30" time="1.851" /><testcase classname="tests.test_pdf_rate_limit_cache.TestPdfRateLimitIndividual" name="test_rate_limit_individual_blocks_31st" time="1.906" /><testcase classname="tests.test_pdf_rate_limit_cache.TestPdfRateLimitRange" name="test_rate_limit_range_allows_10" time="1.103" /><testcase classname="tests.test_pdf_rate_limit_cache.TestPdfRateLimitRange" name="test_rate_limit_range_blocks_11th" time="1.123" /></testsuite></testsuites>