<?xml version="1.0" encoding="utf-8"?><testsuites name="pytest tests"><testsuite name="pytest" errors="0" failures="1" skipped="0" tests="8" time="7.134" timestamp="2026-01-12T06:53:31.452413+00:00" hostname="agent-env-85e70c5f-7296-46ff-9e71-7d862e82fd71"><testcase classname="tests.test_pdf_annulled_cache.TestActivePdfCache" name="test_active_pdf_cache_miss_then_hit" time="0.773" /><testcase classname="tests.test_pdf_annulled_cache.TestAnnulInvalidatesOnlyActiveCache" name="test_annul_invalidates_active_cache_only" time="0.933" /><testcase classname="tests.test_pdf_annulled_cache.TestAnnulledPdfCache" name="test_annulled_pdf_cache_miss_then_hit" time="0.798" /><testcase classname="tests.test_pdf_annulled_cache.TestAnnulledPdfWatermark" name="test_annulled_pdf_contains_watermark" time="0.770"><failure message="AssertionError: ANNULLED PDF should contain 'ANULADA' watermark text&#10;assert False">tests/test_pdf_annulled_cache.py:288: in test_annulled_pdf_contains_watermark
    assert has_anulada, "ANNULLED PDF should contain 'ANULADA' watermark text"
E   AssertionError: ANNULLED PDF should contain 'ANULADA' watermark text
E   assert False</failure></testcase><testcase classname="tests.test_pdf_annulled_cache.TestConfigVersionInvalidatesBothCaches" name="test_config_version_invalidates_active_cache" time="0.883" /><testcase classname="tests.test_pdf_annulled_cache.TestConfigVersionInvalidatesBothCaches" name="test_config_version_invalidates_annulled_cache" time="1.000" /><testcase classname="tests.test_pdf_annulled_cache.TestCacheKeyUniqueness" name="test_same_sheet_can_have_active_and_annulled_cache" time="0.885" /><testcase classname="tests.test_pdf_annulled_cache.TestCacheIndexUniqueness" name="test_cache_index_unique_on_sheet_config_status" time="0.992" /></testsuite></testsuites>