<?xml version="1.0" encoding="utf-8"?><testsuites name="pytest tests"><testsuite name="pytest" errors="0" failures="0" skipped="0" tests="17" time="5.640" timestamp="2026-01-10T18:29:49.284033+00:00" hostname="agent-env-85e70c5f-7296-46ff-9e71-7d862e82fd71"><testcase classname="tests.test_pydantic_validation.TestUserUpdateValidation" name="test_user_update_extra_field_status_forbidden" time="0.719" /><testcase classname="tests.test_pydantic_validation.TestUserUpdateValidation" name="test_user_update_full_name_empty_whitespace" time="0.042" /><testcase classname="tests.test_pydantic_validation.TestUserUpdateValidation" name="test_user_update_vehicle_plate_normalized_uppercase" time="0.081" /><testcase classname="tests.test_pydantic_validation.TestDriverUpdateValidation" name="test_driver_update_empty_body_forbidden" time="0.721" /><testcase classname="tests.test_pydantic_validation.TestDriverUpdateValidation" name="test_driver_update_partial_only_full_name" time="0.076" /><testcase classname="tests.test_pydantic_validation.TestDriverUpdateValidation" name="test_driver_update_full_name_whitespace_forbidden" time="0.037" /><testcase classname="tests.test_pydantic_validation.TestDriverCreateValidation" name="test_driver_create_dni_normalized_uppercase" time="0.665" /><testcase classname="tests.test_pydantic_validation.TestAppConfigUpdateValidation" name="test_app_config_extra_field_forbidden" time="0.073" /><testcase classname="tests.test_pydantic_validation.TestAppConfigUpdateValidation" name="test_app_config_purge_less_than_hide_forbidden" time="0.037" /><testcase classname="tests.test_pydantic_validation.TestAppConfigUpdateValidation" name="test_app_config_purge_equal_hide_forbidden" time="0.036" /><testcase classname="tests.test_pydantic_validation.TestAppConfigUpdateValidation" name="test_app_config_valid_update" time="0.080" /><testcase classname="tests.test_pydantic_validation.TestRouteSheetCreateValidation" name="test_route_sheet_contractor_email_whitespace_normalized_null" time="0.730" /><testcase classname="tests.test_pydantic_validation.TestRouteSheetAnnulValidation" name="test_route_sheet_annul_reason_trimmed" time="0.794" /><testcase classname="tests.test_pydantic_validation.TestRouteSheetAnnulValidation" name="test_route_sheet_annul_reason_max_500_chars" time="0.682" /><testcase classname="tests.test_pydantic_validation.TestLoginRequestValidation" name="test_login_extra_field_forbidden" time="0.039" /><testcase classname="tests.test_pydantic_validation.TestAdminLoginRequestValidation" name="test_admin_login_extra_field_forbidden" time="0.038" /><testcase classname="tests.test_pydantic_validation.TestChangePasswordRequestValidation" name="test_change_password_extra_field_forbidden" time="0.645" /></testsuite></testsuites>