<?xml version="1.0" encoding="utf-8"?><testsuites name="pytest tests"><testsuite name="pytest" errors="0" failures="0" skipped="0" tests="11" time="2.389" timestamp="2026-01-09T12:59:49.326049+00:00" hostname="agent-env-85e70c5f-7296-46ff-9e71-7d862e82fd71"><testcase classname="tests.test_retention_job.TestInternalRetentionEndpoint" name="test_no_token_returns_401" time="0.072" /><testcase classname="tests.test_retention_job.TestInternalRetentionEndpoint" name="test_invalid_token_returns_403" time="0.043" /><testcase classname="tests.test_retention_job.TestInternalRetentionEndpoint" name="test_valid_token_executes_retention" time="0.044" /><testcase classname="tests.test_retention_job.TestAdminRetentionRunsEndpoints" name="test_retention_runs_requires_auth" time="0.038" /><testcase classname="tests.test_retention_job.TestAdminRetentionRunsEndpoints" name="test_retention_runs_last_requires_auth" time="0.039" /><testcase classname="tests.test_retention_job.TestAdminRetentionRunsEndpoints" name="test_get_retention_runs_history" time="1.412" /><testcase classname="tests.test_retention_job.TestAdminRetentionRunsEndpoints" name="test_get_last_retention_run" time="0.081" /><testcase classname="tests.test_retention_job.TestRetentionRunLogging" name="test_internal_run_creates_log_entry" time="0.187" /><testcase classname="tests.test_retention_job.TestRetentionRunLogging" name="test_last_run_matches_most_recent" time="0.115" /><testcase classname="tests.test_retention_job.TestAdminManualRetention" name="test_admin_dry_run" time="0.077" /><testcase classname="tests.test_retention_job.TestAdminManualRetention" name="test_admin_real_run_logs_with_admin_trigger" time="0.113" /></testsuite></testsuites>