<?xml version="1.0" encoding="utf-8"?><testsuites name="pytest tests"><testsuite name="pytest" errors="0" failures="0" skipped="0" tests="15" time="3.788" timestamp="2026-02-14T10:51:28.740237+00:00" hostname="agent-env-fd8735ab-12cf-4fe6-b090-773309b8d62a"><testcase classname="backend.tests.test_scalability_features.TestHealthEndpointSecurity" name="test_health_no_admin_hash_raw_preview" time="0.280" /><testcase classname="backend.tests.test_scalability_features.TestHealthEndpointSecurity" name="test_health_expected_fields" time="0.136" /><testcase classname="backend.tests.test_scalability_features.TestConductorDriverIdValidation" name="test_create_sheet_with_invalid_driver_id" time="0.467" /><testcase classname="backend.tests.test_scalability_features.TestConductorDriverIdValidation" name="test_create_sheet_with_other_user_driver_id" time="0.106" /><testcase classname="backend.tests.test_scalability_features.TestConductorDriverIdValidation" name="test_create_sheet_without_driver_id_succeeds" time="0.130" /><testcase classname="backend.tests.test_scalability_features.TestCursorPagination" name="test_pagination_returns_cursor_structure" time="0.130" /><testcase classname="backend.tests.test_scalability_features.TestCursorPagination" name="test_pagination_with_cursor" time="0.203" /><testcase classname="backend.tests.test_scalability_features.TestCursorPagination" name="test_pagination_limit_respected" time="0.107" /><testcase classname="backend.tests.test_scalability_features.TestPickupTypeValidation" name="test_airport_requires_flight_number" time="0.105" /><testcase classname="backend.tests.test_scalability_features.TestPickupTypeValidation" name="test_airport_with_flight_number_succeeds" time="0.123" /><testcase classname="backend.tests.test_scalability_features.TestPickupTypeValidation" name="test_other_requires_pickup_address" time="0.106" /><testcase classname="backend.tests.test_scalability_features.TestPickupTypeValidation" name="test_other_rejects_flight_number" time="0.232" /><testcase classname="backend.tests.test_scalability_features.TestPickupTypeValidation" name="test_roadside_requires_pickup_address" time="0.217" /><testcase classname="backend.tests.test_scalability_features.TestPickupTypeValidation" name="test_roadside_requires_assistance_company" time="0.101" /><testcase classname="backend.tests.test_scalability_features.TestPDFGeneration" name="test_pdf_individual_returns_pdf" time="1.216" /></testsuite></testsuites>